This mapping 'snapshot_nodoc_20171003' was designed for MC 1.12! Use at your own peril.
Download http://files.minecraftforge.net/maven/net/java/dev/jna/jna/4.4.0/jna-4.4.0.pom
Download https://libraries.minecraft.net/com/mojang/patchy/1.1/patchy-1.1.pom
Download https://libraries.minecraft.net/com/ibm/icu/icu4j-core-mojang/51.2/icu4j-core-mojang-51.2.pom
Download http://files.minecraftforge.net/maven/net/sf/jopt-simple/jopt-simple/5.0.3/jopt-simple-5.0.3.pom
Download https://libraries.minecraft.net/com/paulscode/codecjorbis/20101023/codecjorbis-20101023.pom
Download https://libraries.minecraft.net/com/paulscode/codecwav/20101023/codecwav-20101023.pom
Download https://libraries.minecraft.net/com/paulscode/libraryjavasound/20101123/libraryjavasound-20101123.pom
Download https://libraries.minecraft.net/com/paulscode/librarylwjglopenal/20100824/librarylwjglopenal-20100824.pom
Download http://files.minecraftforge.net/maven/io/netty/netty-all/4.1.24.Final/netty-all-4.1.24.Final.pom
Download https://libraries.minecraft.net/com/paulscode/soundsystem/20120107/soundsystem-20120107.pom
Download http://files.minecraftforge.net/maven/com/google/guava/guava/21.0/guava-21.0.pom
Download http://files.minecraftforge.net/maven/org/apache/commons/commons-lang3/3.5/commons-lang3-3.5.pom
Download http://files.minecraftforge.net/maven/com/google/guava/guava-parent/21.0/guava-parent-21.0.pom
Download http://files.minecraftforge.net/maven/org/apache/commons/commons-parent/41/commons-parent-41.pom
Download http://files.minecraftforge.net/maven/io/netty/netty-parent/4.1.24.Final/netty-parent-4.1.24.Final.pom
Download http://files.minecraftforge.net/maven/commons-codec/commons-codec/1.10/commons-codec-1.10.pom
Download http://files.minecraftforge.net/maven/org/apache/commons/commons-parent/35/commons-parent-35.pom
Download http://files.minecraftforge.net/maven/net/java/jinput/jinput/2.0.5/jinput-2.0.5.pom
Download http://files.minecraftforge.net/maven/net/java/jutils/jutils/1.0.0/jutils-1.0.0.pom
Download http://files.minecraftforge.net/maven/com/google/code/gson/gson/2.8.0/gson-2.8.0.pom
Download https://libraries.minecraft.net/com/mojang/authlib/1.5.25/authlib-1.5.25.pom
Download http://files.minecraftforge.net/maven/org/apache/apache/15/apache-15.pom
Download http://files.minecraftforge.net/maven/com/google/code/gson/gson-parent/2.8.0/gson-parent-2.8.0.pom
Download http://files.minecraftforge.net/maven/org/apache/commons/commons-compress/1.8.1/commons-compress-1.8.1.pom
Download https://libraries.minecraft.net/com/mojang/realms/1.10.21/realms-1.10.21.pom
Download http://files.minecraftforge.net/maven/org/apache/commons/commons-parent/33/commons-parent-33.pom
Download https://libraries.minecraft.net/oshi-project/oshi-core/1.1/oshi-core-1.1.pom
Download http://files.minecraftforge.net/maven/it/unimi/dsi/fastutil/7.1.0/fastutil-7.1.0.pom
Download http://files.minecraftforge.net/maven/org/apache/logging/log4j/log4j-core/2.8.1/log4j-core-2.8.1.pom
Download https://libraries.minecraft.net/org/lwjgl/lwjgl/lwjgl/2.9.4-nightly-20150209/lwjgl-2.9.4-nightly-20150209.pom
Download http://files.minecraftforge.net/maven/org/apache/logging/log4j/log4j-api/2.8.1/log4j-api-2.8.1.pom
Download https://libraries.minecraft.net/org/lwjgl/lwjgl/lwjgl_util/2.9.4-nightly-20150209/lwjgl_util-2.9.4-nightly-20150209.pom
Download https://libraries.minecraft.net/org/lwjgl/lwjgl/parent/2.9.4-nightly-20150209/parent-2.9.4-nightly-20150209.pom
Download http://files.minecraftforge.net/maven/org/apache/logging/log4j/log4j/2.8.1/log4j-2.8.1.pom
Download https://libraries.minecraft.net/com/mojang/text2speech/1.10.3/text2speech-1.10.3.pom
Download http://files.minecraftforge.net/maven/org/jline/jline/3.5.1/jline-3.5.1.pom
Download https://libraries.minecraft.net/net/minecraft/launchwrapper/1.12/launchwrapper-1.12.pom
Download http://files.minecraftforge.net/maven/com/typesafe/akka/akka-actor_2.11/2.3.3/akka-actor_2.11-2.3.3.pom
Download http://files.minecraftforge.net/maven/com/typesafe/config/1.3.1/config-1.3.1.pom
Download http://files.minecraftforge.net/maven/org/ow2/asm/asm-debug-all/5.2/asm-debug-all-5.2.pom
Download http://files.minecraftforge.net/maven/org/jline/jline-parent/3.5.1/jline-parent-3.5.1.pom
Download http://files.minecraftforge.net/maven/org/ow2/asm/asm-parent/5.2/asm-parent-5.2.pom
Download http://files.minecraftforge.net/maven/net/sf/trove4j/trove4j/3.0.3/trove4j-3.0.3.pom
Download https://libraries.minecraft.net/lzma/lzma/0.0.1/lzma-0.0.1.pom
Download https://libraries.minecraft.net/java3d/vecmath/1.5.2/vecmath-1.5.2.pom
Download http://files.minecraftforge.net/maven/org/apache/maven/maven-artifact/3.5.3/maven-artifact-3.5.3.pom
Download http://files.minecraftforge.net/maven/org/yaml/snakeyaml/1.19/snakeyaml-1.19.pom
Download http://files.minecraftforge.net/maven/org/apache/maven/maven/3.5.3/maven-3.5.3.pom
Download http://files.minecraftforge.net/maven/net/md-5/SpecialSource/1.8.0/SpecialSource-1.8.0.pom
Download http://files.minecraftforge.net/maven/org/xerial/sqlite-jdbc/3.21.0.1/sqlite-jdbc-3.21.0.1.pom
Download http://files.minecraftforge.net/maven/org/apache/maven/maven-parent/31/maven-parent-31.pom
Download http://files.minecraftforge.net/maven/mysql/mysql-connector-java/5.1.45/mysql-connector-java-5.1.45.pom
Download http://files.minecraftforge.net/maven/org/scala-lang/plugins/scala-continuations-library_2.11/1.0.2/scala-continuations-library_2.11-1.0.2.pom
Download http://files.minecraftforge.net/maven/org/scala-lang/plugins/scala-continuations-plugin_2.11.1/1.0.2/scala-continuations-plugin_2.11.1-1.0.2.pom
Download http://files.minecraftforge.net/maven/org/scala-lang/scala-actors-migration_2.11/1.1.0/scala-actors-migration_2.11-1.1.0.pom
Download http://files.minecraftforge.net/maven/org/scala-lang/scala-compiler/2.11.1/scala-compiler-2.11.1.pom
Download http://files.minecraftforge.net/maven/org/scala-lang/scala-library/2.11.1/scala-library-2.11.1.pom
Download http://files.minecraftforge.net/maven/org/scala-lang/scala-reflect/2.11.1/scala-reflect-2.11.1.pom
Download https://hub.spigotmc.org/nexus/content/groups/public/net/md-5/bungeecord-chat/1.12-SNAPSHOT/maven-metadata.xml
Download https://hub.spigotmc.org/nexus/content/groups/public/net/md-5/bungeecord-chat/1.12-SNAPSHOT/bungeecord-chat-1.12-20180712.114550-97.pom
Download http://files.minecraftforge.net/maven/net/java/dev/jna/platform/3.4.0/platform-3.4.0.pom
Download https://hub.spigotmc.org/nexus/content/groups/public/net/md-5/bungeecord-parent/1.12-SNAPSHOT/maven-metadata.xml
Download https://hub.spigotmc.org/nexus/content/groups/public/net/md-5/bungeecord-parent/1.12-SNAPSHOT/bungeecord-parent-1.12-20180712.114540-97.pom
Download http://files.minecraftforge.net/maven/net/java/jinput/jinput-platform/2.0.5/jinput-platform-2.0.5.pom
Download https://libraries.minecraft.net/org/lwjgl/lwjgl/lwjgl-platform/2.9.4-nightly-20150209/lwjgl-platform-2.9.4-nightly-20150209.pom
Download http://files.minecraftforge.net/maven/org/codehaus/plexus/plexus-utils/3.1.0/plexus-utils-3.1.0.pom
Download http://files.minecraftforge.net/maven/junit/junit/4.10/junit-4.10.pom
Download http://files.minecraftforge.net/maven/org/ow2/asm/asm-debug-all/6.0_BETA/asm-debug-all-6.0_BETA.pom
Download http://files.minecraftforge.net/maven/org/ow2/asm/asm-parent/6.0_BETA/asm-parent-6.0_BETA.pom
Download http://files.minecraftforge.net/maven/org/scala-lang/scala-actors/2.11.0/scala-actors-2.11.0.pom
Download http://files.minecraftforge.net/maven/org/scala-lang/modules/scala-parser-combinators_2.11/1.0.1/scala-parser-combinators_2.11-1.0.1.pom
Download http://files.minecraftforge.net/maven/org/scala-lang/modules/scala-xml_2.11/1.0.2/scala-xml_2.11-1.0.2.pom
Download http://files.minecraftforge.net/maven/org/hamcrest/hamcrest-core/1.1/hamcrest-core-1.1.pom
Download http://files.minecraftforge.net/maven/org/hamcrest/hamcrest-parent/1.1/hamcrest-parent-1.1.pom
